<?xml version="1.0" encoding="UTF-8"?>
<!-- Generated by org.testng.reporters.JUnitReportReporter -->
<testsuite hostname="Nijeesh" failures="0" tests="2" name="qwy.automationqwy.ShopMerchantFramework" time="13.762" errors="0" timestamp="2024-01-22T12:08:34 IST" skipped="0">
  <testcase classname="qwy.automationqwy.ShopMerchantFramework" name="login" time="1.775"/>
  <testcase classname="qwy.automationqwy.ShopMerchantFramework" name="orderModule" time="11.987"/>
</testsuite> <!-- qwy.automationqwy.ShopMerchantFramework -->
