<?xml version="1.0" encoding="UTF-8"?>
<!-- Generated by org.testng.reporters.JUnitReportReporter -->
<testsuite hostname="Nijeesh" failures="0" tests="2" name="qwy.automationqwy.ShopMerchantFramework" time="15.279" errors="0" timestamp="2024-01-05T12:01:53 IST" skipped="0">
  <testcase classname="qwy.automationqwy.ShopMerchantFramework" name="login" time="3.740"/>
  <testcase classname="qwy.automationqwy.ShopMerchantFramework" name="orderModule" time="11.539"/>
</testsuite> <!-- qwy.automationqwy.ShopMerchantFramework -->
