<?xml version="1.0" encoding="UTF-8"?>
<!-- Generated by org.testng.reporters.JUnitReportReporter -->
<testsuite hostname="Nijeesh" failures="0" tests="5" name="qwy.automationqwy.CustomerWebLoginErrorValidation" time="20.308" errors="0" timestamp="2024-01-05T11:55:00 IST" skipped="0">
  <testcase classname="qwy.automationqwy.CustomerWebLoginErrorValidation" name="testEmptyCredentials" time="1.076"/>
  <testcase classname="qwy.automationqwy.CustomerWebLoginErrorValidation" name="testInvalidCredentials" time="6.008"/>
  <testcase classname="qwy.automationqwy.CustomerWebLoginErrorValidation" name="testIncorrectUsername" time="6.351"/>
  <testcase classname="qwy.automationqwy.CustomerWebLoginErrorValidation" name="testIncorrectPassword" time="6.452"/>
  <testcase classname="qwy.automationqwy.CustomerWebLoginErrorValidation" name="testAcceptingChar" time="0.421"/>
</testsuite> <!-- qwy.automationqwy.CustomerWebLoginErrorValidation -->
