<?xml version="1.0" encoding="UTF-8"?>
<!-- Generated by org.testng.reporters.JUnitReportReporter -->
<testsuite hostname="Nijeesh" failures="0" tests="3" name="qwy.automationqwy.CustomerWebFramework" time="22.911" errors="0" timestamp="2024-01-05T12:01:53 IST" skipped="0">
  <testcase classname="qwy.automationqwy.CustomerWebFramework" name="performLogin" time="5.270"/>
  <testcase classname="qwy.automationqwy.CustomerWebFramework" name="performAddToCart" time="10.552"/>
  <testcase classname="qwy.automationqwy.CustomerWebFramework" name="performPayment" time="7.089"/>
</testsuite> <!-- qwy.automationqwy.CustomerWebFramework -->
