<?xml version="1.0" encoding="UTF-8"?>
<!-- Generated by org.testng.reporters.JUnitReportReporter -->
<testsuite hostname="Nijeesh" failures="0" tests="1" name="qwy.automationqwy.CustomerWebFrameworkTest" time="8.381" errors="0" timestamp="2024-01-04T14:09:20 IST" skipped="0">
  <testcase classname="qwy.automationqwy.CustomerWebFrameworkTest" name="performLogin" time="8.381"/>
</testsuite> <!-- qwy.automationqwy.CustomerWebFrameworkTest -->
