<?xml version="1.0" encoding="UTF-8"?>
<!-- Generated by org.testng.reporters.JUnitReportReporter -->
<testsuite hostname="Nijeesh" failures="0" tests="1" name="qwy.automationqwy.ShopMerchantOverallTesting$ShopMerchantFramework" time="12.421" errors="0" timestamp="2024-01-15T11:04:20 IST" skipped="0">
  <testcase classname="qwy.automationqwy.ShopMerchantOverallTesting$ShopMerchantFramework" name="inventoryEdit" time="12.421"/>
</testsuite> <!-- qwy.automationqwy.ShopMerchantOverallTesting$ShopMerchantFramework -->
