<?xml version="1.0" encoding="UTF-8"?>
<!-- Generated by org.testng.reporters.JUnitReportReporter -->
<testsuite hostname="Nijeesh" failures="0" tests="5" name="qwy.automationqwy.ShopMerchantSampletesing$ShopMerchantFramework" time="13.886" errors="0" timestamp="2023-12-22T14:06:47 IST" skipped="0">
  <testcase classname="qwy.automationqwy.ShopMerchantSampletesing$ShopMerchantFramework" name="login" time="1.663"/>
  <testcase classname="qwy.automationqwy.ShopMerchantSampletesing$ShopMerchantFramework" name="CategoryLists" time="5.111"/>
  <testcase classname="qwy.automationqwy.ShopMerchantSampletesing$ShopMerchantFramework" name="categorySearch" time="0.168"/>
  <testcase classname="qwy.automationqwy.ShopMerchantSampletesing$ShopMerchantFramework" name="inventoryPageSerach" time="4.901"/>
  <testcase classname="qwy.automationqwy.ShopMerchantSampletesing$ShopMerchantFramework" name="inventoryEdit" time="2.043"/>
</testsuite> <!-- qwy.automationqwy.ShopMerchantSampletesing$ShopMerchantFramework -->
