<?xml version="1.0" encoding="UTF-8"?>
<!-- Generated by org.testng.reporters.JUnitReportReporter -->
<testsuite hostname="Nijeesh" failures="0" tests="3" name="qwy.automationqwy.MerchantWeb" time="12.922" errors="0" timestamp="2024-01-05T11:56:26 IST" skipped="0">
  <testcase classname="qwy.automationqwy.MerchantWeb" name="login" time="8.950"/>
  <testcase classname="qwy.automationqwy.MerchantWeb" name="deatils" time="0.610"/>
  <testcase classname="qwy.automationqwy.MerchantWeb" name="placeOrder" time="3.362"/>
</testsuite> <!-- qwy.automationqwy.MerchantWeb -->
