<?xml version="1.0" encoding="UTF-8"?>
<!-- Generated by org.testng.reporters.JUnitReportReporter -->
<testsuite hostname="Nijeesh" failures="0" tests="1" name="qwy.automationqwy.shopadminsample" time="8.111" errors="0" timestamp="2024-03-15T14:17:47 IST" skipped="0">
  <testcase classname="qwy.automationqwy.shopadminsample" name="category" time="8.111"/>
</testsuite> <!-- qwy.automationqwy.shopadminsample -->
