<?xml version="1.0" encoding="UTF-8"?>
<!-- Generated by org.testng.reporters.JUnitReportReporter -->
<testsuite hostname="Nijeesh" failures="0" tests="1" name="sampletest.calenderselect" time="2.816" errors="0" timestamp="2024-03-03T18:27:29 IST" skipped="0">
  <testcase classname="sampletest.calenderselect" name="dashboardDateFilter" time="2.816"/>
</testsuite> <!-- sampletest.calenderselect -->
