<?xml version="1.0" encoding="UTF-8"?>
<!-- Generated by org.testng.reporters.JUnitReportReporter -->
<testsuite hostname="Nijeesh" failures="0" tests="1" name="qwy.automationqwy.ShopAdmin" time="5.156" errors="0" timestamp="2024-03-12T18:22:37 IST" skipped="0">
  <testcase classname="qwy.automationqwy.ShopAdmin" name="merchantfilter" time="5.156"/>
</testsuite> <!-- qwy.automationqwy.ShopAdmin -->
