<?xml version="1.0" encoding="UTF-8"?>
<!-- Generated by org.testng.reporters.JUnitReportReporter -->
<testsuite hostname="Nijeesh" failures="0" tests="1" name="qwy.automationqwy.ShopAdmin" time="11.099" errors="0" timestamp="2024-01-23T13:04:38 IST" skipped="0">
  <testcase classname="qwy.automationqwy.ShopAdmin" name="shopCsvDownload" time="11.099"/>
</testsuite> <!-- qwy.automationqwy.ShopAdmin -->
