<?xml version="1.0" encoding="UTF-8"?>
<!-- Generated by org.testng.reporters.JUnitReportReporter -->
<testsuite hostname="Nijeesh" failures="0" tests="1" name="qwy.automationqwy.ShopMerchantOverallTesting$ShopMerchantFramework" time="9.090" errors="0" timestamp="2024-03-27T13:35:56 IST" skipped="0">
  <testcase classname="qwy.automationqwy.ShopMerchantOverallTesting$ShopMerchantFramework" name="CategoryListOriginal" time="9.090"/>
</testsuite> <!-- qwy.automationqwy.ShopMerchantOverallTesting$ShopMerchantFramework -->
