<?xml version="1.0" encoding="UTF-8"?>
<!-- Generated by org.testng.reporters.JUnitReportReporter -->
<testsuite hostname="Nijeesh" failures="0" tests="1" name="qwy.automationqwy.ShopMerchantOverallTesting$ShopMerchantFramework" time="5.592" errors="0" timestamp="2024-01-22T17:26:32 IST" skipped="0">
  <testcase classname="qwy.automationqwy.ShopMerchantOverallTesting$ShopMerchantFramework" name="CategoryListOriginal" time="5.592"/>
</testsuite> <!-- qwy.automationqwy.ShopMerchantOverallTesting$ShopMerchantFramework -->
