<?xml version="1.0" encoding="UTF-8"?>
<!-- Generated by org.testng.reporters.JUnitReportReporter -->
<testsuite hostname="Nijeesh" failures="0" tests="1" name="qwy.automationqwy.ShopAdminTest" time="4.441" errors="0" timestamp="2024-03-15T14:43:59 IST" skipped="0">
  <testcase classname="qwy.automationqwy.ShopAdminTest" name="catadd" time="4.441"/>
</testsuite> <!-- qwy.automationqwy.ShopAdminTest -->
