<?xml version="1.0" encoding="UTF-8"?>
<!-- Generated by org.testng.reporters.JUnitReportReporter -->
<testsuite hostname="Nijeesh" failures="0" tests="1" name="sampletest.GoogleSearchTest" time="2.156" errors="0" timestamp="2024-02-26T10:55:54 IST" skipped="0">
  <testcase classname="sampletest.GoogleSearchTest" name="openGoogle" time="2.156"/>
</testsuite> <!-- sampletest.GoogleSearchTest -->
