<?xml version="1.0" encoding="UTF-8"?>
<!-- Generated by org.testng.reporters.JUnitReportReporter -->
<testsuite hostname="Nijeesh" failures="0" tests="1" name="qwy.automationqwy.shopadminsample" time="12.876" errors="0" timestamp="2024-03-25T22:41:09 IST" skipped="0">
  <testcase classname="qwy.automationqwy.shopadminsample" name="adduser" time="12.876"/>
</testsuite> <!-- qwy.automationqwy.shopadminsample -->
