<?xml version="1.0" encoding="UTF-8"?>
<!-- Generated by org.testng.reporters.JUnitReportReporter -->
<testsuite hostname="Nijeesh" failures="0" tests="1" name="qwy.automationqwy.ShopAdminTest" time="6.817" errors="0" timestamp="2024-03-13T13:34:41 IST" skipped="0">
  <testcase classname="qwy.automationqwy.ShopAdminTest" name="PromotionNameSearch" time="6.817"/>
</testsuite> <!-- qwy.automationqwy.ShopAdminTest -->
