<?xml version="1.0" encoding="UTF-8"?>
<!-- Generated by org.testng.reporters.JUnitReportReporter -->
<testsuite hostname="Nijeesh" failures="0" tests="2" name="qwy.automationqwy.SampleTest" time="13.553" errors="0" timestamp="2023-11-24T10:44:43 IST" skipped="0">
  <testcase classname="qwy.automationqwy.SampleTest" name="login" time="2.988"/>
  <testcase classname="qwy.automationqwy.SampleTest" name="orderModule" time="10.565"/>
</testsuite> <!-- qwy.automationqwy.SampleTest -->
