<?xml version="1.0" encoding="UTF-8"?>
<!-- Generated by org.testng.reporters.JUnitReportReporter -->
<testsuite hostname="Nijeesh" failures="0" tests="1" name="qwy.automationqwy.ShopAdminProducts" time="2.095" errors="0" timestamp="2024-03-29T18:08:28 IST" skipped="0">
  <testcase classname="qwy.automationqwy.ShopAdminProducts" name="productcsv" time="2.095"/>
</testsuite> <!-- qwy.automationqwy.ShopAdminProducts -->
