<?xml version="1.0" encoding="UTF-8"?>
<!-- Generated by org.testng.reporters.JUnitReportReporter -->
<testsuite hostname="Nijeesh" failures="0" tests="2" name="qwy.automationqwy.Shopadminadduser" time="14.797" errors="0" timestamp="2024-03-27T10:01:21 IST" skipped="0">
  <testcase classname="qwy.automationqwy.Shopadminadduser" name="adduser" time="7.475"/>
  <testcase classname="qwy.automationqwy.Shopadminadduser" name="addexistinguser" time="7.322"/>
</testsuite> <!-- qwy.automationqwy.Shopadminadduser -->
